[0m14:54:33.713137 [debug] [MainThread]: Sending event: {'category': 'dbt', 'action': 'invocation', 'label': 'start', 'context': [<snowplow_tracker.self_describing_json.SelfDescribingJson object at 0x00000252AD1B5490>, <snowplow_tracker.self_describing_json.SelfDescribingJson object at 0x00000252ACDEB320>, <snowplow_tracker.self_describing_json.SelfDescribingJson object at 0x00000252ACC480E0>]}


============================== 14:54:33.720376 | 935c0950-afcd-4827-99cb-e4e0209c9329 ==============================
[0m14:54:33.720376 [info ] [MainThread]: Running with dbt=1.7.2
[0m14:54:33.720376 [debug] [MainThread]: running dbt with arguments {'printer_width': '80', 'indirect_selection': 'eager', 'write_json': 'True', 'log_cache_events': 'False', 'partial_parse': 'True', 'cache_selected_only': 'False', 'warn_error': 'None', 'debug': 'False', 'fail_fast': 'False', 'log_path': 'logs', 'profiles_dir': 'C:\\Users\\JanBusse\\.dbt', 'version_check': 'True', 'use_colors': 'True', 'use_experimental_parser': 'False', 'no_print': 'None', 'quiet': 'False', 'warn_error_options': 'WarnErrorOptions(include=[], exclude=[])', 'introspect': 'True', 'log_format': 'default', 'static_parser': 'True', 'target_path': 'None', 'invocation_command': 'dbt run', 'send_anonymous_usage_stats': 'True'}
[0m14:54:33.721879 [error] [MainThread]: Encountered an error:
Runtime Error
  No dbt_project.yml found at expected path C:\Users\JanBusse\github\eurostat\dbt_project.yml
  Verify that each entry within packages.yml (and their transitive dependencies) contains a file named dbt_project.yml
  
[0m14:54:33.722890 [debug] [MainThread]: Command `dbt run` failed at 14:54:33.722890 after 0.06 seconds
[0m14:54:33.722890 [debug] [MainThread]: Sending event: {'category': 'dbt', 'action': 'invocation', 'label': 'end', 'context': [<snowplow_tracker.self_describing_json.SelfDescribingJson object at 0x00000252AC9D65A0>, <snowplow_tracker.self_describing_json.SelfDescribingJson object at 0x00000252AC9AA510>, <snowplow_tracker.self_describing_json.SelfDescribingJson object at 0x00000252AC937E60>]}
[0m14:54:33.722890 [debug] [MainThread]: Flushing usage events
[0m15:49:51.053293 [debug] [MainThread]: Sending event: {'category': 'dbt', 'action': 'invocation', 'label': 'start', 'context': [<snowplow_tracker.self_describing_json.SelfDescribingJson object at 0x0000025CCBD12D50>, <snowplow_tracker.self_describing_json.SelfDescribingJson object at 0x0000025CCB62F020>, <snowplow_tracker.self_describing_json.SelfDescribingJson object at 0x0000025CCB62F8C0>]}


============================== 15:49:51.059345 | d4359a75-6c9a-4a8b-a234-924a53c23d5c ==============================
[0m15:49:51.059345 [info ] [MainThread]: Running with dbt=1.8.4
[0m15:49:51.059345 [debug] [MainThread]: running dbt with arguments {'printer_width': '80', 'indirect_selection': 'eager', 'write_json': 'True', 'log_cache_events': 'False', 'partial_parse': 'True', 'cache_selected_only': 'False', 'profiles_dir': 'C:\\Users\\JanBusse\\.dbt', 'version_check': 'True', 'fail_fast': 'False', 'log_path': 'logs', 'warn_error': 'None', 'debug': 'False', 'use_colors': 'True', 'use_experimental_parser': 'False', 'empty': 'None', 'quiet': 'False', 'no_print': 'None', 'warn_error_options': 'WarnErrorOptions(include=[], exclude=[])', 'static_parser': 'True', 'invocation_command': 'dbt debug', 'log_format': 'default', 'target_path': 'None', 'introspect': 'True', 'send_anonymous_usage_stats': 'True'}
[0m15:49:51.072068 [info ] [MainThread]: dbt version: 1.8.4
[0m15:49:51.072068 [info ] [MainThread]: python version: 3.12.3
[0m15:49:51.072068 [info ] [MainThread]: python path: C:\Users\JanBusse\AppData\Local\Programs\Python\Python312\python.exe
[0m15:49:51.073070 [info ] [MainThread]: os info: Windows-11-10.0.22631-SP0
[0m15:49:51.073070 [info ] [MainThread]: Using profiles dir at C:\Users\JanBusse\.dbt
[0m15:49:51.073070 [info ] [MainThread]: Using profiles.yml file at C:\Users\JanBusse\.dbt\profiles.yml
[0m15:49:51.074071 [info ] [MainThread]: Using dbt_project.yml file at C:\Users\JanBusse\github\eurostat\dbt_project.yml
[0m15:49:51.074071 [info ] [MainThread]: Configuration:
[0m15:49:51.074071 [info ] [MainThread]:   profiles.yml file [[31mERROR not found[0m]
[0m15:49:51.075072 [info ] [MainThread]:   dbt_project.yml file [[31mERROR not found[0m]
[0m15:49:51.075072 [info ] [MainThread]: Required dependencies:
[0m15:49:51.075072 [debug] [MainThread]: Executing "git --help"
[0m15:49:51.094543 [debug] [MainThread]: STDOUT: "b"usage: git [-v | --version] [-h | --help] [-C <path>] [-c <name>=<value>]\n           [--exec-path[=<path>]] [--html-path] [--man-path] [--info-path]\n           [-p | --paginate | -P | --no-pager] [--no-replace-objects] [--bare]\n           [--git-dir=<path>] [--work-tree=<path>] [--namespace=<name>]\n           [--config-env=<name>=<envvar>] <command> [<args>]\n\nThese are common Git commands used in various situations:\n\nstart a working area (see also: git help tutorial)\n   clone     Clone a repository into a new directory\n   init      Create an empty Git repository or reinitialize an existing one\n\nwork on the current change (see also: git help everyday)\n   add       Add file contents to the index\n   mv        Move or rename a file, a directory, or a symlink\n   restore   Restore working tree files\n   rm        Remove files from the working tree and from the index\n\nexamine the history and state (see also: git help revisions)\n   bisect    Use binary search to find the commit that introduced a bug\n   diff      Show changes between commits, commit and working tree, etc\n   grep      Print lines matching a pattern\n   log       Show commit logs\n   show      Show various types of objects\n   status    Show the working tree status\n\ngrow, mark and tweak your common history\n   branch    List, create, or delete branches\n   commit    Record changes to the repository\n   merge     Join two or more development histories together\n   rebase    Reapply commits on top of another base tip\n   reset     Reset current HEAD to the specified state\n   switch    Switch branches\n   tag       Create, list, delete or verify a tag object signed with GPG\n\ncollaborate (see also: git help workflows)\n   fetch     Download objects and refs from another repository\n   pull      Fetch from and integrate with another repository or a local branch\n   push      Update remote refs along with associated objects\n\n'git help -a' and 'git help -g' list available subcommands and some\nconcept guides. See 'git help <command>' or 'git help <concept>'\nto read about a specific subcommand or concept.\nSee 'git help git' for an overview of the system.\n""
[0m15:49:51.095544 [debug] [MainThread]: STDERR: "b''"
[0m15:49:51.095544 [info ] [MainThread]:  - git [[32mOK found[0m]

[0m15:49:51.096545 [info ] [MainThread]: Connection test skipped since no profile was found
[0m15:49:51.096545 [info ] [MainThread]: [31m2 checks failed:[0m
[0m15:49:51.097546 [info ] [MainThread]: dbt looked for a profiles.yml file in C:\Users\JanBusse\.dbt\profiles.yml, but did
not find one. For more information on configuring your profile, consult the
documentation:

https://docs.getdbt.com/docs/configure-your-profile


[0m15:49:51.097546 [info ] [MainThread]: Project loading failed for the following reason:
 project path <C:\Users\JanBusse\github\eurostat\dbt_project.yml> not found

[0m15:49:51.098546 [debug] [MainThread]: Command `dbt debug` failed at 15:49:51.098546 after 0.11 seconds
[0m15:49:51.099547 [debug] [MainThread]: Sending event: {'category': 'dbt', 'action': 'invocation', 'label': 'end', 'context': [<snowplow_tracker.self_describing_json.SelfDescribingJson object at 0x0000025CCBE91BE0>, <snowplow_tracker.self_describing_json.SelfDescribingJson object at 0x0000025CCBF2D580>, <snowplow_tracker.self_describing_json.SelfDescribingJson object at 0x0000025CCB32CE00>]}
[0m15:49:51.099815 [debug] [MainThread]: Flushing usage events
[0m15:51:42.891169 [debug] [MainThread]: Sending event: {'category': 'dbt', 'action': 'invocation', 'label': 'start', 'context': [<snowplow_tracker.self_describing_json.SelfDescribingJson object at 0x000001A2876A5940>, <snowplow_tracker.self_describing_json.SelfDescribingJson object at 0x000001A289597560>, <snowplow_tracker.self_describing_json.SelfDescribingJson object at 0x000001A286259C40>]}


============================== 15:51:42.891169 | cc018b2e-d185-4581-9485-6f7e4800d163 ==============================
[0m15:51:42.891169 [info ] [MainThread]: Running with dbt=1.8.4
[0m15:51:42.891169 [debug] [MainThread]: running dbt with arguments {'printer_width': '80', 'indirect_selection': 'eager', 'log_cache_events': 'False', 'write_json': 'True', 'partial_parse': 'True', 'cache_selected_only': 'False', 'profiles_dir': 'C:\\Users\\JanBusse\\.dbt', 'version_check': 'True', 'debug': 'False', 'log_path': 'logs', 'fail_fast': 'False', 'warn_error': 'None', 'use_colors': 'True', 'use_experimental_parser': 'False', 'empty': 'None', 'quiet': 'False', 'no_print': 'None', 'log_format': 'default', 'invocation_command': 'dbt debug', 'static_parser': 'True', 'introspect': 'True', 'target_path': 'None', 'warn_error_options': 'WarnErrorOptions(include=[], exclude=[])', 'send_anonymous_usage_stats': 'True'}
[0m15:51:42.915156 [info ] [MainThread]: dbt version: 1.8.4
[0m15:51:42.915156 [info ] [MainThread]: python version: 3.12.3
[0m15:51:42.917769 [info ] [MainThread]: python path: C:\Users\JanBusse\AppData\Local\Programs\Python\Python312\python.exe
[0m15:51:42.917769 [info ] [MainThread]: os info: Windows-11-10.0.22631-SP0
[0m15:51:42.917769 [info ] [MainThread]: Using profiles dir at C:\Users\JanBusse\.dbt
[0m15:51:42.918771 [info ] [MainThread]: Using profiles.yml file at C:\Users\JanBusse\.dbt\profiles.yml
[0m15:51:42.918771 [info ] [MainThread]: Using dbt_project.yml file at C:\Users\JanBusse\github\eurostat\dbt_project.yml
[0m15:51:42.918771 [info ] [MainThread]: Configuration:
[0m15:51:42.919773 [info ] [MainThread]:   profiles.yml file [[31mERROR not found[0m]
[0m15:51:42.919773 [info ] [MainThread]:   dbt_project.yml file [[31mERROR not found[0m]
[0m15:51:42.919773 [info ] [MainThread]: Required dependencies:
[0m15:51:42.920774 [debug] [MainThread]: Executing "git --help"
[0m15:51:42.939857 [debug] [MainThread]: STDOUT: "b"usage: git [-v | --version] [-h | --help] [-C <path>] [-c <name>=<value>]\n           [--exec-path[=<path>]] [--html-path] [--man-path] [--info-path]\n           [-p | --paginate | -P | --no-pager] [--no-replace-objects] [--bare]\n           [--git-dir=<path>] [--work-tree=<path>] [--namespace=<name>]\n           [--config-env=<name>=<envvar>] <command> [<args>]\n\nThese are common Git commands used in various situations:\n\nstart a working area (see also: git help tutorial)\n   clone     Clone a repository into a new directory\n   init      Create an empty Git repository or reinitialize an existing one\n\nwork on the current change (see also: git help everyday)\n   add       Add file contents to the index\n   mv        Move or rename a file, a directory, or a symlink\n   restore   Restore working tree files\n   rm        Remove files from the working tree and from the index\n\nexamine the history and state (see also: git help revisions)\n   bisect    Use binary search to find the commit that introduced a bug\n   diff      Show changes between commits, commit and working tree, etc\n   grep      Print lines matching a pattern\n   log       Show commit logs\n   show      Show various types of objects\n   status    Show the working tree status\n\ngrow, mark and tweak your common history\n   branch    List, create, or delete branches\n   commit    Record changes to the repository\n   merge     Join two or more development histories together\n   rebase    Reapply commits on top of another base tip\n   reset     Reset current HEAD to the specified state\n   switch    Switch branches\n   tag       Create, list, delete or verify a tag object signed with GPG\n\ncollaborate (see also: git help workflows)\n   fetch     Download objects and refs from another repository\n   pull      Fetch from and integrate with another repository or a local branch\n   push      Update remote refs along with associated objects\n\n'git help -a' and 'git help -g' list available subcommands and some\nconcept guides. See 'git help <command>' or 'git help <concept>'\nto read about a specific subcommand or concept.\nSee 'git help git' for an overview of the system.\n""
[0m15:51:42.939857 [debug] [MainThread]: STDERR: "b''"
[0m15:51:42.939857 [info ] [MainThread]:  - git [[32mOK found[0m]

[0m15:51:42.939857 [info ] [MainThread]: Connection test skipped since no profile was found
[0m15:51:42.939857 [info ] [MainThread]: [31m2 checks failed:[0m
[0m15:51:42.939857 [info ] [MainThread]: dbt looked for a profiles.yml file in C:\Users\JanBusse\.dbt\profiles.yml, but did
not find one. For more information on configuring your profile, consult the
documentation:

https://docs.getdbt.com/docs/configure-your-profile


[0m15:51:42.939857 [info ] [MainThread]: Project loading failed for the following reason:
 project path <C:\Users\JanBusse\github\eurostat\dbt_project.yml> not found

[0m15:51:42.939857 [debug] [MainThread]: Command `dbt debug` failed at 15:51:42.939857 after 0.14 seconds
[0m15:51:42.939857 [debug] [MainThread]: Sending event: {'category': 'dbt', 'action': 'invocation', 'label': 'end', 'context': [<snowplow_tracker.self_describing_json.SelfDescribingJson object at 0x000001A289FC1160>, <snowplow_tracker.self_describing_json.SelfDescribingJson object at 0x000001A28A185A90>, <snowplow_tracker.self_describing_json.SelfDescribingJson object at 0x000001A289ECBB00>]}
[0m15:51:42.939857 [debug] [MainThread]: Flushing usage events
[0m15:53:33.000026 [debug] [MainThread]: Sending event: {'category': 'dbt', 'action': 'invocation', 'label': 'start', 'context': [<snowplow_tracker.self_describing_json.SelfDescribingJson object at 0x0000011E1369A900>, <snowplow_tracker.self_describing_json.SelfDescribingJson object at 0x0000011E12AB4950>, <snowplow_tracker.self_describing_json.SelfDescribingJson object at 0x0000011E12CFA390>]}


============================== 15:53:33.003469 | 69d375b8-2d40-481f-9026-2ec5b30be040 ==============================
[0m15:53:33.003469 [info ] [MainThread]: Running with dbt=1.8.4
[0m15:53:33.003469 [debug] [MainThread]: running dbt with arguments {'printer_width': '80', 'indirect_selection': 'eager', 'write_json': 'True', 'log_cache_events': 'False', 'partial_parse': 'True', 'cache_selected_only': 'False', 'profiles_dir': 'C:\\Users\\JanBusse\\.dbt', 'version_check': 'True', 'debug': 'False', 'log_path': 'logs', 'fail_fast': 'False', 'warn_error': 'None', 'use_colors': 'True', 'use_experimental_parser': 'False', 'no_print': 'None', 'quiet': 'False', 'empty': 'None', 'warn_error_options': 'WarnErrorOptions(include=[], exclude=[])', 'static_parser': 'True', 'introspect': 'True', 'invocation_command': 'dbt debug', 'target_path': 'None', 'log_format': 'default', 'send_anonymous_usage_stats': 'True'}
[0m15:53:33.014526 [info ] [MainThread]: dbt version: 1.8.4
[0m15:53:33.015527 [info ] [MainThread]: python version: 3.12.3
[0m15:53:33.015527 [info ] [MainThread]: python path: C:\Users\JanBusse\AppData\Local\Programs\Python\Python312\python.exe
[0m15:53:33.015527 [info ] [MainThread]: os info: Windows-11-10.0.22631-SP0
[0m15:53:33.074102 [info ] [MainThread]: Using profiles dir at C:\Users\JanBusse\.dbt
[0m15:53:33.074102 [info ] [MainThread]: Using profiles.yml file at C:\Users\JanBusse\.dbt\profiles.yml
[0m15:53:33.074102 [info ] [MainThread]: Using dbt_project.yml file at C:\Users\JanBusse\github\eurostat\dbt_project.yml
[0m15:53:33.074102 [info ] [MainThread]: adapter type: postgres
[0m15:53:33.074102 [info ] [MainThread]: adapter version: 1.8.2
[0m15:53:33.074102 [info ] [MainThread]: Configuration:
[0m15:53:33.074102 [info ] [MainThread]:   profiles.yml file [[32mOK found and valid[0m]
[0m15:53:33.074102 [info ] [MainThread]:   dbt_project.yml file [[31mERROR not found[0m]
[0m15:53:33.074102 [info ] [MainThread]: Required dependencies:
[0m15:53:33.074102 [debug] [MainThread]: Executing "git --help"
[0m15:53:33.103323 [debug] [MainThread]: STDOUT: "b"usage: git [-v | --version] [-h | --help] [-C <path>] [-c <name>=<value>]\n           [--exec-path[=<path>]] [--html-path] [--man-path] [--info-path]\n           [-p | --paginate | -P | --no-pager] [--no-replace-objects] [--bare]\n           [--git-dir=<path>] [--work-tree=<path>] [--namespace=<name>]\n           [--config-env=<name>=<envvar>] <command> [<args>]\n\nThese are common Git commands used in various situations:\n\nstart a working area (see also: git help tutorial)\n   clone     Clone a repository into a new directory\n   init      Create an empty Git repository or reinitialize an existing one\n\nwork on the current change (see also: git help everyday)\n   add       Add file contents to the index\n   mv        Move or rename a file, a directory, or a symlink\n   restore   Restore working tree files\n   rm        Remove files from the working tree and from the index\n\nexamine the history and state (see also: git help revisions)\n   bisect    Use binary search to find the commit that introduced a bug\n   diff      Show changes between commits, commit and working tree, etc\n   grep      Print lines matching a pattern\n   log       Show commit logs\n   show      Show various types of objects\n   status    Show the working tree status\n\ngrow, mark and tweak your common history\n   branch    List, create, or delete branches\n   commit    Record changes to the repository\n   merge     Join two or more development histories together\n   rebase    Reapply commits on top of another base tip\n   reset     Reset current HEAD to the specified state\n   switch    Switch branches\n   tag       Create, list, delete or verify a tag object signed with GPG\n\ncollaborate (see also: git help workflows)\n   fetch     Download objects and refs from another repository\n   pull      Fetch from and integrate with another repository or a local branch\n   push      Update remote refs along with associated objects\n\n'git help -a' and 'git help -g' list available subcommands and some\nconcept guides. See 'git help <command>' or 'git help <concept>'\nto read about a specific subcommand or concept.\nSee 'git help git' for an overview of the system.\n""
[0m15:53:33.103323 [debug] [MainThread]: STDERR: "b''"
[0m15:53:33.104323 [info ] [MainThread]:  - git [[32mOK found[0m]

[0m15:53:33.104437 [info ] [MainThread]: Connection:
[0m15:53:33.105079 [info ] [MainThread]:   host: localhost
[0m15:53:33.105079 [info ] [MainThread]:   port: 5432
[0m15:53:33.106102 [info ] [MainThread]:   user: believer
[0m15:53:33.106102 [info ] [MainThread]:   database: Antigone
[0m15:53:33.106102 [info ] [MainThread]:   schema: public
[0m15:53:33.107103 [info ] [MainThread]:   connect_timeout: 10
[0m15:53:33.107103 [info ] [MainThread]:   role: None
[0m15:53:33.107103 [info ] [MainThread]:   search_path: Staging,Core,Mart
[0m15:53:33.108104 [info ] [MainThread]:   keepalives_idle: 0
[0m15:53:33.108104 [info ] [MainThread]:   sslmode: None
[0m15:53:33.108104 [info ] [MainThread]:   sslcert: None
[0m15:53:33.109105 [info ] [MainThread]:   sslkey: None
[0m15:53:33.109105 [info ] [MainThread]:   sslrootcert: None
[0m15:53:33.109105 [info ] [MainThread]:   application_name: dbt
[0m15:53:33.110106 [info ] [MainThread]:   retries: 1
[0m15:53:33.110519 [info ] [MainThread]: Registered adapter: postgres=1.8.2
[0m15:53:33.111181 [debug] [MainThread]: Acquiring new postgres connection 'debug'
[0m15:53:33.158832 [debug] [MainThread]: Using postgres connection "debug"
[0m15:53:33.158832 [debug] [MainThread]: On debug: select 1 as id
[0m15:53:33.158832 [debug] [MainThread]: Opening a new connection, currently in state init
[0m15:53:33.171044 [debug] [MainThread]: SQL status: SELECT 1 in 0.024 seconds
[0m15:53:33.171044 [debug] [MainThread]: On debug: Close
[0m15:53:33.171044 [info ] [MainThread]:   Connection test: [[32mOK connection ok[0m]

[0m15:53:33.171044 [info ] [MainThread]: [31m1 check failed:[0m
[0m15:53:33.171044 [info ] [MainThread]: Project loading failed for the following reason:
 project path <C:\Users\JanBusse\github\eurostat\dbt_project.yml> not found

[0m15:53:33.186685 [debug] [MainThread]: Command `dbt debug` failed at 15:53:33.186685 after 0.26 seconds
[0m15:53:33.186685 [debug] [MainThread]: Connection 'debug' was properly closed.
[0m15:53:33.186685 [debug] [MainThread]: Sending event: {'category': 'dbt', 'action': 'invocation', 'label': 'end', 'context': [<snowplow_tracker.self_describing_json.SelfDescribingJson object at 0x0000011E1349E3F0>, <snowplow_tracker.self_describing_json.SelfDescribingJson object at 0x0000011E138C6030>, <snowplow_tracker.self_describing_json.SelfDescribingJson object at 0x0000011E13AA13A0>]}
[0m15:53:33.186685 [debug] [MainThread]: Flushing usage events
